<?xml version="1.0" encoding="UTF-8"?>
<testsuite xmlns:xsi="http://www.w3.org/2001/XMLSchema-instance" xsi:noNamespaceSchemaLocation="https://maven.apache.org/surefire/maven-surefire-plugin/xsd/surefire-test-report.xsd" name="TestSuite" time="17.99" tests="25" errors="0" skipped="23" failures="2">
  <properties>
    <property name="java.specification.version" value="17"/>
    <property name="sun.cpu.isalist" value="amd64"/>
    <property name="sun.jnu.encoding" value="Cp1252"/>
    <property name="java.class.path" value="E:\Other\SIIT Automation\NewProjectST\target\test-classes;E:\Other\SIIT Automation\NewProjectST\target\classes;C:\Users\user\.m2\repository\org\testng\testng\7.9.0\testng-7.9.0.jar;C:\Users\user\.m2\repository\org\slf4j\slf4j-api\1.7.36\slf4j-api-1.7.36.jar;C:\Users\user\.m2\repository\com\beust\jcommander\1.82\jcommander-1.82.jar;C:\Users\user\.m2\repository\org\webjars\jquery\3.7.1\jquery-3.7.1.jar;C:\Users\user\.m2\repository\org\seleniumhq\selenium\selenium-java\4.5.0\selenium-java-4.5.0.jar;C:\Users\user\.m2\repository\org\seleniumhq\selenium\selenium-api\4.5.0\selenium-api-4.5.0.jar;C:\Users\user\.m2\repository\org\seleniumhq\selenium\selenium-chrome-driver\4.5.0\selenium-chrome-driver-4.5.0.jar;C:\Users\user\.m2\repository\org\seleniumhq\selenium\selenium-devtools-v104\4.5.0\selenium-devtools-v104-4.5.0.jar;C:\Users\user\.m2\repository\org\seleniumhq\selenium\selenium-devtools-v105\4.5.0\selenium-devtools-v105-4.5.0.jar;C:\Users\user\.m2\repository\org\seleniumhq\selenium\selenium-devtools-v106\4.5.0\selenium-devtools-v106-4.5.0.jar;C:\Users\user\.m2\repository\org\seleniumhq\selenium\selenium-devtools-v85\4.5.0\selenium-devtools-v85-4.5.0.jar;C:\Users\user\.m2\repository\org\seleniumhq\selenium\selenium-ie-driver\4.5.0\selenium-ie-driver-4.5.0.jar;C:\Users\user\.m2\repository\org\seleniumhq\selenium\selenium-remote-driver\4.5.0\selenium-remote-driver-4.5.0.jar;C:\Users\user\.m2\repository\io\netty\netty-buffer\4.1.79.Final\netty-buffer-4.1.79.Final.jar;C:\Users\user\.m2\repository\io\netty\netty-codec-http\4.1.79.Final\netty-codec-http-4.1.79.Final.jar;C:\Users\user\.m2\repository\io\netty\netty-codec\4.1.79.Final\netty-codec-4.1.79.Final.jar;C:\Users\user\.m2\repository\io\netty\netty-handler\4.1.79.Final\netty-handler-4.1.79.Final.jar;C:\Users\user\.m2\repository\io\netty\netty-common\4.1.79.Final\netty-common-4.1.79.Final.jar;C:\Users\user\.m2\repository\io\netty\netty-transport-classes-epoll\4.1.79.Final\netty-transport-classes-epoll-4.1.79.Final.jar;C:\Users\user\.m2\repository\io\netty\netty-transport-classes-kqueue\4.1.79.Final\netty-transport-classes-kqueue-4.1.79.Final.jar;C:\Users\user\.m2\repository\io\netty\netty-transport-native-epoll\4.1.79.Final\netty-transport-native-epoll-4.1.79.Final.jar;C:\Users\user\.m2\repository\io\netty\netty-transport-native-kqueue\4.1.79.Final\netty-transport-native-kqueue-4.1.79.Final.jar;C:\Users\user\.m2\repository\io\netty\netty-transport-native-unix-common\4.1.79.Final\netty-transport-native-unix-common-4.1.79.Final.jar;C:\Users\user\.m2\repository\io\netty\netty-transport\4.1.79.Final\netty-transport-4.1.79.Final.jar;C:\Users\user\.m2\repository\io\netty\netty-resolver\4.1.79.Final\netty-resolver-4.1.79.Final.jar;C:\Users\user\.m2\repository\io\opentelemetry\opentelemetry-api\1.17.0\opentelemetry-api-1.17.0.jar;C:\Users\user\.m2\repository\io\opentelemetry\opentelemetry-context\1.17.0\opentelemetry-context-1.17.0.jar;C:\Users\user\.m2\repository\io\opentelemetry\opentelemetry-exporter-logging\1.17.0\opentelemetry-exporter-logging-1.17.0.jar;C:\Users\user\.m2\repository\io\opentelemetry\opentelemetry-sdk-metrics\1.17.0\opentelemetry-sdk-metrics-1.17.0.jar;C:\Users\user\.m2\repository\io\opentelemetry\opentelemetry-sdk-logs\1.17.0-alpha\opentelemetry-sdk-logs-1.17.0-alpha.jar;C:\Users\user\.m2\repository\io\opentelemetry\opentelemetry-sdk-common\1.17.0\opentelemetry-sdk-common-1.17.0.jar;C:\Users\user\.m2\repository\io\opentelemetry\opentelemetry-sdk-extension-autoconfigure-spi\1.17.0\opentelemetry-sdk-extension-autoconfigure-spi-1.17.0.jar;C:\Users\user\.m2\repository\io\opentelemetry\opentelemetry-sdk-extension-autoconfigure\1.17.0-alpha\opentelemetry-sdk-extension-autoconfigure-1.17.0-alpha.jar;C:\Users\user\.m2\repository\io\opentelemetry\opentelemetry-exporter-common\1.17.0\opentelemetry-exporter-common-1.17.0.jar;C:\Users\user\.m2\repository\io\opentelemetry\opentelemetry-sdk-trace\1.17.0\opentelemetry-sdk-trace-1.17.0.jar;C:\Users\user\.m2\repository\io\opentelemetry\opentelemetry-sdk\1.17.0\opentelemetry-sdk-1.17.0.jar;C:\Users\user\.m2\repository\io\opentelemetry\opentelemetry-semconv\1.17.0-alpha\opentelemetry-semconv-1.17.0-alpha.jar;C:\Users\user\.m2\repository\io\ous\jtoml\2.0.0\jtoml-2.0.0.jar;C:\Users\user\.m2\repository\net\bytebuddy\byte-buddy\1.12.14\byte-buddy-1.12.14.jar;C:\Users\user\.m2\repository\org\apache\commons\commons-exec\1.3\commons-exec-1.3.jar;C:\Users\user\.m2\repository\org\asynchttpclient\async-http-client\2.12.3\async-http-client-2.12.3.jar;C:\Users\user\.m2\repository\org\asynchttpclient\async-http-client-netty-utils\2.12.3\async-http-client-netty-utils-2.12.3.jar;C:\Users\user\.m2\repository\io\netty\netty-codec-socks\4.1.60.Final\netty-codec-socks-4.1.60.Final.jar;C:\Users\user\.m2\repository\io\netty\netty-handler-proxy\4.1.60.Final\netty-handler-proxy-4.1.60.Final.jar;C:\Users\user\.m2\repository\io\netty\netty-transport-native-epoll\4.1.60.Final\netty-transport-native-epoll-4.1.60.Final-linux-x86_64.jar;C:\Users\user\.m2\repository\io\netty\netty-transport-native-kqueue\4.1.60.Final\netty-transport-native-kqueue-4.1.60.Final-osx-x86_64.jar;C:\Users\user\.m2\repository\org\reactivestreams\reactive-streams\1.0.3\reactive-streams-1.0.3.jar;C:\Users\user\.m2\repository\com\typesafe\netty\netty-reactive-streams\2.0.4\netty-reactive-streams-2.0.4.jar;C:\Users\user\.m2\repository\com\sun\activation\jakarta.activation\1.2.2\jakarta.activation-1.2.2.jar;C:\Users\user\.m2\repository\org\seleniumhq\selenium\selenium-safari-driver\4.5.0\selenium-safari-driver-4.5.0.jar;C:\Users\user\.m2\repository\org\seleniumhq\selenium\selenium-support\4.5.0\selenium-support-4.5.0.jar;C:\Users\user\.m2\repository\org\seleniumhq\selenium\selenium-http-jdk-client\4.5.0\selenium-http-jdk-client-4.5.0.jar;C:\Users\user\.m2\repository\com\google\auto\service\auto-service-annotations\1.0.1\auto-service-annotations-1.0.1.jar;C:\Users\user\.m2\repository\com\google\auto\service\auto-service\1.0.1\auto-service-1.0.1.jar;C:\Users\user\.m2\repository\com\google\auto\auto-common\1.2\auto-common-1.2.jar;C:\Users\user\.m2\repository\org\seleniumhq\selenium\selenium-http\4.5.0\selenium-http-4.5.0.jar;C:\Users\user\.m2\repository\dev\failsafe\failsafe\3.2.4\failsafe-3.2.4.jar;C:\Users\user\.m2\repository\io\github\bonigarcia\webdrivermanager\5.7.0\webdrivermanager-5.7.0.jar;C:\Users\user\.m2\repository\com\google\code\gson\gson\2.10.1\gson-2.10.1.jar;C:\Users\user\.m2\repository\com\github\docker-java\docker-java\3.3.5\docker-java-3.3.5.jar;C:\Users\user\.m2\repository\com\github\docker-java\docker-java-core\3.3.5\docker-java-core-3.3.5.jar;C:\Users\user\.m2\repository\com\github\docker-java\docker-java-api\3.3.5\docker-java-api-3.3.5.jar;C:\Users\user\.m2\repository\com\fasterxml\jackson\core\jackson-annotations\2.10.3\jackson-annotations-2.10.3.jar;C:\Users\user\.m2\repository\com\fasterxml\jackson\core\jackson-databind\2.10.3\jackson-databind-2.10.3.jar;C:\Users\user\.m2\repository\com\fasterxml\jackson\core\jackson-core\2.10.3\jackson-core-2.10.3.jar;C:\Users\user\.m2\repository\org\bouncycastle\bcpkix-jdk18on\1.76\bcpkix-jdk18on-1.76.jar;C:\Users\user\.m2\repository\org\bouncycastle\bcprov-jdk18on\1.76\bcprov-jdk18on-1.76.jar;C:\Users\user\.m2\repository\org\bouncycastle\bcutil-jdk18on\1.76\bcutil-jdk18on-1.76.jar;C:\Users\user\.m2\repository\org\slf4j\jcl-over-slf4j\1.7.30\jcl-over-slf4j-1.7.30.jar;C:\Users\user\.m2\repository\com\github\docker-java\docker-java-transport-httpclient5\3.3.5\docker-java-transport-httpclient5-3.3.5.jar;C:\Users\user\.m2\repository\com\github\docker-java\docker-java-transport\3.3.5\docker-java-transport-3.3.5.jar;C:\Users\user\.m2\repository\net\java\dev\jna\jna\5.13.0\jna-5.13.0.jar;C:\Users\user\.m2\repository\org\brotli\dec\0.1.2\dec-0.1.2.jar;C:\Users\user\.m2\repository\org\apache\commons\commons-lang3\3.14.0\commons-lang3-3.14.0.jar;C:\Users\user\.m2\repository\org\apache\commons\commons-compress\1.26.0\commons-compress-1.26.0.jar;C:\Users\user\.m2\repository\org\apache\httpcomponents\client5\httpclient5\5.2.1\httpclient5-5.2.1.jar;C:\Users\user\.m2\repository\org\apache\httpcomponents\core5\httpcore5\5.2\httpcore5-5.2.jar;C:\Users\user\.m2\repository\org\apache\httpcomponents\core5\httpcore5-h2\5.2\httpcore5-h2-5.2.jar;C:\Users\user\.m2\repository\org\projectlombok\lombok\1.18.24\lombok-1.18.24.jar;C:\Users\user\.m2\repository\org\aspectj\aspectjweaver\1.9.19\aspectjweaver-1.9.19.jar;C:\Users\user\.m2\repository\org\seleniumhq\selenium\selenium-server\4.0.0-alpha-2\selenium-server-4.0.0-alpha-2.jar;C:\Users\user\.m2\repository\org\seleniumhq\selenium\grid\4.0.0-alpha-2\grid-4.0.0-alpha-2.jar;C:\Users\user\.m2\repository\org\seleniumhq\selenium\selenium-edgehtml-driver\4.0.0-alpha-2\selenium-edgehtml-driver-4.0.0-alpha-2.jar;C:\Users\user\.m2\repository\org\seleniumhq\selenium\jetty-repacked\9.4.12.v20180830.1\jetty-repacked-9.4.12.v20180830.1.jar;C:\Users\user\.m2\repository\javax\servlet\javax.servlet-api\3.1.0\javax.servlet-api-3.1.0.jar;C:\Users\user\.m2\repository\org\zeromq\jeromq\0.5.1\jeromq-0.5.1.jar;C:\Users\user\.m2\repository\eu\neilalexander\jnacl\1.0.0\jnacl-1.0.0.jar;C:\Users\user\.m2\repository\net\jcip\jcip-annotations\1.0\jcip-annotations-1.0.jar;C:\Users\user\.m2\repository\org\yaml\snakeyaml\1.24\snakeyaml-1.24.jar;C:\Users\user\.m2\repository\org\seleniumhq\selenium\selenium-edge-driver\4.7.2\selenium-edge-driver-4.7.2.jar;C:\Users\user\.m2\repository\com\google\guava\guava\31.1-jre\guava-31.1-jre.jar;C:\Users\user\.m2\repository\com\google\guava\failureaccess\1.0.1\failureaccess-1.0.1.jar;C:\Users\user\.m2\repository\com\google\guava\listenablefuture\9999.0-empty-to-avoid-conflict-with-guava\listenablefuture-9999.0-empty-to-avoid-conflict-with-guava.jar;C:\Users\user\.m2\repository\com\google\code\findbugs\jsr305\3.0.2\jsr305-3.0.2.jar;C:\Users\user\.m2\repository\org\checkerframework\checker-qual\3.12.0\checker-qual-3.12.0.jar;C:\Users\user\.m2\repository\com\google\errorprone\error_prone_annotations\2.11.0\error_prone_annotations-2.11.0.jar;C:\Users\user\.m2\repository\com\google\j2objc\j2objc-annotations\1.3\j2objc-annotations-1.3.jar;C:\Users\user\.m2\repository\org\seleniumhq\selenium\selenium-chromium-driver\4.7.2\selenium-chromium-driver-4.7.2.jar;C:\Users\user\.m2\repository\org\seleniumhq\selenium\selenium-firefox-driver\4.7.2\selenium-firefox-driver-4.7.2.jar;C:\Users\user\.m2\repository\org\seleniumhq\selenium\selenium-json\4.7.2\selenium-json-4.7.2.jar;C:\Users\user\.m2\repository\com\opencsv\opencsv\5.7.0\opencsv-5.7.0.jar;C:\Users\user\.m2\repository\org\apache\commons\commons-text\1.9\commons-text-1.9.jar;C:\Users\user\.m2\repository\commons-beanutils\commons-beanutils\1.9.4\commons-beanutils-1.9.4.jar;C:\Users\user\.m2\repository\commons-logging\commons-logging\1.2\commons-logging-1.2.jar;C:\Users\user\.m2\repository\commons-collections\commons-collections\3.2.2\commons-collections-3.2.2.jar;C:\Users\user\.m2\repository\org\apache\commons\commons-collections4\4.4\commons-collections4-4.4.jar;C:\Users\user\.m2\repository\com\github\javafaker\javafaker\1.0.2\javafaker-1.0.2.jar;C:\Users\user\.m2\repository\org\yaml\snakeyaml\1.23\snakeyaml-1.23-android.jar;C:\Users\user\.m2\repository\com\github\mifmif\generex\1.0.2\generex-1.0.2.jar;C:\Users\user\.m2\repository\dk\brics\automaton\automaton\1.11-8\automaton-1.11-8.jar;C:\Users\user\.m2\repository\org\apache\poi\poi-ooxml\5.2.3\poi-ooxml-5.2.3.jar;C:\Users\user\.m2\repository\org\apache\poi\poi\5.2.3\poi-5.2.3.jar;C:\Users\user\.m2\repository\commons-codec\commons-codec\1.15\commons-codec-1.15.jar;C:\Users\user\.m2\repository\org\apache\commons\commons-math3\3.6.1\commons-math3-3.6.1.jar;C:\Users\user\.m2\repository\com\zaxxer\SparseBitSet\1.2\SparseBitSet-1.2.jar;C:\Users\user\.m2\repository\org\apache\poi\poi-ooxml-lite\5.2.3\poi-ooxml-lite-5.2.3.jar;C:\Users\user\.m2\repository\org\apache\xmlbeans\xmlbeans\5.1.1\xmlbeans-5.1.1.jar;C:\Users\user\.m2\repository\commons-io\commons-io\2.11.0\commons-io-2.11.0.jar;C:\Users\user\.m2\repository\com\github\virtuald\curvesapi\1.07\curvesapi-1.07.jar;C:\Users\user\.m2\repository\org\apache\logging\log4j\log4j-api\2.18.0\log4j-api-2.18.0.jar;C:\Users\user\.m2\repository\javax\xml\bind\jaxb-api\2.3.1\jaxb-api-2.3.1.jar;C:\Users\user\.m2\repository\javax\activation\javax.activation-api\1.2.0\javax.activation-api-1.2.0.jar;C:\Users\user\.m2\repository\org\glassfish\jaxb\jaxb-runtime\2.3.1\jaxb-runtime-2.3.1.jar;C:\Users\user\.m2\repository\com\sun\istack\istack-commons-runtime\3.0.7\istack-commons-runtime-3.0.7.jar;C:\Users\user\.m2\repository\org\jvnet\staxex\stax-ex\1.8\stax-ex-1.8.jar;C:\Users\user\.m2\repository\com\sun\xml\fastinfoset\FastInfoset\1.2.15\FastInfoset-1.2.15.jar;C:\Users\user\.m2\repository\org\glassfish\jaxb\txw2\4.0.4\txw2-4.0.4.jar;C:\Users\user\.m2\repository\com\mysql\mysql-connector-j\8.0.33\mysql-connector-j-8.0.33.jar;C:\Users\user\.m2\repository\com\google\protobuf\protobuf-java\3.21.9\protobuf-java-3.21.9.jar;"/>
    <property name="java.vm.vendor" value="Oracle Corporation"/>
    <property name="sun.arch.data.model" value="64"/>
    <property name="user.variant" value=""/>
    <property name="java.vendor.url" value="https://java.oracle.com/"/>
    <property name="user.timezone" value="Europe/Bucharest"/>
    <property name="os.name" value="Windows 10"/>
    <property name="java.vm.specification.version" value="17"/>
    <property name="sun.java.launcher" value="SUN_STANDARD"/>
    <property name="user.country" value="US"/>
    <property name="sun.boot.library.path" value="C:\Program Files\Java\jdk-17\bin"/>
    <property name="sun.java.command" value="C:\Users\user\AppData\Local\Temp\surefire18354423535013563143\surefirebooter1984389634136835443.jar C:\Users\user\AppData\Local\Temp\surefire18354423535013563143 2024-04-19T17-54-36_316-jvmRun1 surefire14080229635445493298tmp surefire_08258616020565791939tmp"/>
    <property name="jdk.debug" value="release"/>
    <property name="surefire.test.class.path" value="E:\Other\SIIT Automation\NewProjectST\target\test-classes;E:\Other\SIIT Automation\NewProjectST\target\classes;C:\Users\user\.m2\repository\org\testng\testng\7.9.0\testng-7.9.0.jar;C:\Users\user\.m2\repository\org\slf4j\slf4j-api\1.7.36\slf4j-api-1.7.36.jar;C:\Users\user\.m2\repository\com\beust\jcommander\1.82\jcommander-1.82.jar;C:\Users\user\.m2\repository\org\webjars\jquery\3.7.1\jquery-3.7.1.jar;C:\Users\user\.m2\repository\org\seleniumhq\selenium\selenium-java\4.5.0\selenium-java-4.5.0.jar;C:\Users\user\.m2\repository\org\seleniumhq\selenium\selenium-api\4.5.0\selenium-api-4.5.0.jar;C:\Users\user\.m2\repository\org\seleniumhq\selenium\selenium-chrome-driver\4.5.0\selenium-chrome-driver-4.5.0.jar;C:\Users\user\.m2\repository\org\seleniumhq\selenium\selenium-devtools-v104\4.5.0\selenium-devtools-v104-4.5.0.jar;C:\Users\user\.m2\repository\org\seleniumhq\selenium\selenium-devtools-v105\4.5.0\selenium-devtools-v105-4.5.0.jar;C:\Users\user\.m2\repository\org\seleniumhq\selenium\selenium-devtools-v106\4.5.0\selenium-devtools-v106-4.5.0.jar;C:\Users\user\.m2\repository\org\seleniumhq\selenium\selenium-devtools-v85\4.5.0\selenium-devtools-v85-4.5.0.jar;C:\Users\user\.m2\repository\org\seleniumhq\selenium\selenium-ie-driver\4.5.0\selenium-ie-driver-4.5.0.jar;C:\Users\user\.m2\repository\org\seleniumhq\selenium\selenium-remote-driver\4.5.0\selenium-remote-driver-4.5.0.jar;C:\Users\user\.m2\repository\io\netty\netty-buffer\4.1.79.Final\netty-buffer-4.1.79.Final.jar;C:\Users\user\.m2\repository\io\netty\netty-codec-http\4.1.79.Final\netty-codec-http-4.1.79.Final.jar;C:\Users\user\.m2\repository\io\netty\netty-codec\4.1.79.Final\netty-codec-4.1.79.Final.jar;C:\Users\user\.m2\repository\io\netty\netty-handler\4.1.79.Final\netty-handler-4.1.79.Final.jar;C:\Users\user\.m2\repository\io\netty\netty-common\4.1.79.Final\netty-common-4.1.79.Final.jar;C:\Users\user\.m2\repository\io\netty\netty-transport-classes-epoll\4.1.79.Final\netty-transport-classes-epoll-4.1.79.Final.jar;C:\Users\user\.m2\repository\io\netty\netty-transport-classes-kqueue\4.1.79.Final\netty-transport-classes-kqueue-4.1.79.Final.jar;C:\Users\user\.m2\repository\io\netty\netty-transport-native-epoll\4.1.79.Final\netty-transport-native-epoll-4.1.79.Final.jar;C:\Users\user\.m2\repository\io\netty\netty-transport-native-kqueue\4.1.79.Final\netty-transport-native-kqueue-4.1.79.Final.jar;C:\Users\user\.m2\repository\io\netty\netty-transport-native-unix-common\4.1.79.Final\netty-transport-native-unix-common-4.1.79.Final.jar;C:\Users\user\.m2\repository\io\netty\netty-transport\4.1.79.Final\netty-transport-4.1.79.Final.jar;C:\Users\user\.m2\repository\io\netty\netty-resolver\4.1.79.Final\netty-resolver-4.1.79.Final.jar;C:\Users\user\.m2\repository\io\opentelemetry\opentelemetry-api\1.17.0\opentelemetry-api-1.17.0.jar;C:\Users\user\.m2\repository\io\opentelemetry\opentelemetry-context\1.17.0\opentelemetry-context-1.17.0.jar;C:\Users\user\.m2\repository\io\opentelemetry\opentelemetry-exporter-logging\1.17.0\opentelemetry-exporter-logging-1.17.0.jar;C:\Users\user\.m2\repository\io\opentelemetry\opentelemetry-sdk-metrics\1.17.0\opentelemetry-sdk-metrics-1.17.0.jar;C:\Users\user\.m2\repository\io\opentelemetry\opentelemetry-sdk-logs\1.17.0-alpha\opentelemetry-sdk-logs-1.17.0-alpha.jar;C:\Users\user\.m2\repository\io\opentelemetry\opentelemetry-sdk-common\1.17.0\opentelemetry-sdk-common-1.17.0.jar;C:\Users\user\.m2\repository\io\opentelemetry\opentelemetry-sdk-extension-autoconfigure-spi\1.17.0\opentelemetry-sdk-extension-autoconfigure-spi-1.17.0.jar;C:\Users\user\.m2\repository\io\opentelemetry\opentelemetry-sdk-extension-autoconfigure\1.17.0-alpha\opentelemetry-sdk-extension-autoconfigure-1.17.0-alpha.jar;C:\Users\user\.m2\repository\io\opentelemetry\opentelemetry-exporter-common\1.17.0\opentelemetry-exporter-common-1.17.0.jar;C:\Users\user\.m2\repository\io\opentelemetry\opentelemetry-sdk-trace\1.17.0\opentelemetry-sdk-trace-1.17.0.jar;C:\Users\user\.m2\repository\io\opentelemetry\opentelemetry-sdk\1.17.0\opentelemetry-sdk-1.17.0.jar;C:\Users\user\.m2\repository\io\opentelemetry\opentelemetry-semconv\1.17.0-alpha\opentelemetry-semconv-1.17.0-alpha.jar;C:\Users\user\.m2\repository\io\ous\jtoml\2.0.0\jtoml-2.0.0.jar;C:\Users\user\.m2\repository\net\bytebuddy\byte-buddy\1.12.14\byte-buddy-1.12.14.jar;C:\Users\user\.m2\repository\org\apache\commons\commons-exec\1.3\commons-exec-1.3.jar;C:\Users\user\.m2\repository\org\asynchttpclient\async-http-client\2.12.3\async-http-client-2.12.3.jar;C:\Users\user\.m2\repository\org\asynchttpclient\async-http-client-netty-utils\2.12.3\async-http-client-netty-utils-2.12.3.jar;C:\Users\user\.m2\repository\io\netty\netty-codec-socks\4.1.60.Final\netty-codec-socks-4.1.60.Final.jar;C:\Users\user\.m2\repository\io\netty\netty-handler-proxy\4.1.60.Final\netty-handler-proxy-4.1.60.Final.jar;C:\Users\user\.m2\repository\io\netty\netty-transport-native-epoll\4.1.60.Final\netty-transport-native-epoll-4.1.60.Final-linux-x86_64.jar;C:\Users\user\.m2\repository\io\netty\netty-transport-native-kqueue\4.1.60.Final\netty-transport-native-kqueue-4.1.60.Final-osx-x86_64.jar;C:\Users\user\.m2\repository\org\reactivestreams\reactive-streams\1.0.3\reactive-streams-1.0.3.jar;C:\Users\user\.m2\repository\com\typesafe\netty\netty-reactive-streams\2.0.4\netty-reactive-streams-2.0.4.jar;C:\Users\user\.m2\repository\com\sun\activation\jakarta.activation\1.2.2\jakarta.activation-1.2.2.jar;C:\Users\user\.m2\repository\org\seleniumhq\selenium\selenium-safari-driver\4.5.0\selenium-safari-driver-4.5.0.jar;C:\Users\user\.m2\repository\org\seleniumhq\selenium\selenium-support\4.5.0\selenium-support-4.5.0.jar;C:\Users\user\.m2\repository\org\seleniumhq\selenium\selenium-http-jdk-client\4.5.0\selenium-http-jdk-client-4.5.0.jar;C:\Users\user\.m2\repository\com\google\auto\service\auto-service-annotations\1.0.1\auto-service-annotations-1.0.1.jar;C:\Users\user\.m2\repository\com\google\auto\service\auto-service\1.0.1\auto-service-1.0.1.jar;C:\Users\user\.m2\repository\com\google\auto\auto-common\1.2\auto-common-1.2.jar;C:\Users\user\.m2\repository\org\seleniumhq\selenium\selenium-http\4.5.0\selenium-http-4.5.0.jar;C:\Users\user\.m2\repository\dev\failsafe\failsafe\3.2.4\failsafe-3.2.4.jar;C:\Users\user\.m2\repository\io\github\bonigarcia\webdrivermanager\5.7.0\webdrivermanager-5.7.0.jar;C:\Users\user\.m2\repository\com\google\code\gson\gson\2.10.1\gson-2.10.1.jar;C:\Users\user\.m2\repository\com\github\docker-java\docker-java\3.3.5\docker-java-3.3.5.jar;C:\Users\user\.m2\repository\com\github\docker-java\docker-java-core\3.3.5\docker-java-core-3.3.5.jar;C:\Users\user\.m2\repository\com\github\docker-java\docker-java-api\3.3.5\docker-java-api-3.3.5.jar;C:\Users\user\.m2\repository\com\fasterxml\jackson\core\jackson-annotations\2.10.3\jackson-annotations-2.10.3.jar;C:\Users\user\.m2\repository\com\fasterxml\jackson\core\jackson-databind\2.10.3\jackson-databind-2.10.3.jar;C:\Users\user\.m2\repository\com\fasterxml\jackson\core\jackson-core\2.10.3\jackson-core-2.10.3.jar;C:\Users\user\.m2\repository\org\bouncycastle\bcpkix-jdk18on\1.76\bcpkix-jdk18on-1.76.jar;C:\Users\user\.m2\repository\org\bouncycastle\bcprov-jdk18on\1.76\bcprov-jdk18on-1.76.jar;C:\Users\user\.m2\repository\org\bouncycastle\bcutil-jdk18on\1.76\bcutil-jdk18on-1.76.jar;C:\Users\user\.m2\repository\org\slf4j\jcl-over-slf4j\1.7.30\jcl-over-slf4j-1.7.30.jar;C:\Users\user\.m2\repository\com\github\docker-java\docker-java-transport-httpclient5\3.3.5\docker-java-transport-httpclient5-3.3.5.jar;C:\Users\user\.m2\repository\com\github\docker-java\docker-java-transport\3.3.5\docker-java-transport-3.3.5.jar;C:\Users\user\.m2\repository\net\java\dev\jna\jna\5.13.0\jna-5.13.0.jar;C:\Users\user\.m2\repository\org\brotli\dec\0.1.2\dec-0.1.2.jar;C:\Users\user\.m2\repository\org\apache\commons\commons-lang3\3.14.0\commons-lang3-3.14.0.jar;C:\Users\user\.m2\repository\org\apache\commons\commons-compress\1.26.0\commons-compress-1.26.0.jar;C:\Users\user\.m2\repository\org\apache\httpcomponents\client5\httpclient5\5.2.1\httpclient5-5.2.1.jar;C:\Users\user\.m2\repository\org\apache\httpcomponents\core5\httpcore5\5.2\httpcore5-5.2.jar;C:\Users\user\.m2\repository\org\apache\httpcomponents\core5\httpcore5-h2\5.2\httpcore5-h2-5.2.jar;C:\Users\user\.m2\repository\org\projectlombok\lombok\1.18.24\lombok-1.18.24.jar;C:\Users\user\.m2\repository\org\aspectj\aspectjweaver\1.9.19\aspectjweaver-1.9.19.jar;C:\Users\user\.m2\repository\org\seleniumhq\selenium\selenium-server\4.0.0-alpha-2\selenium-server-4.0.0-alpha-2.jar;C:\Users\user\.m2\repository\org\seleniumhq\selenium\grid\4.0.0-alpha-2\grid-4.0.0-alpha-2.jar;C:\Users\user\.m2\repository\org\seleniumhq\selenium\selenium-edgehtml-driver\4.0.0-alpha-2\selenium-edgehtml-driver-4.0.0-alpha-2.jar;C:\Users\user\.m2\repository\org\seleniumhq\selenium\jetty-repacked\9.4.12.v20180830.1\jetty-repacked-9.4.12.v20180830.1.jar;C:\Users\user\.m2\repository\javax\servlet\javax.servlet-api\3.1.0\javax.servlet-api-3.1.0.jar;C:\Users\user\.m2\repository\org\zeromq\jeromq\0.5.1\jeromq-0.5.1.jar;C:\Users\user\.m2\repository\eu\neilalexander\jnacl\1.0.0\jnacl-1.0.0.jar;C:\Users\user\.m2\repository\net\jcip\jcip-annotations\1.0\jcip-annotations-1.0.jar;C:\Users\user\.m2\repository\org\yaml\snakeyaml\1.24\snakeyaml-1.24.jar;C:\Users\user\.m2\repository\org\seleniumhq\selenium\selenium-edge-driver\4.7.2\selenium-edge-driver-4.7.2.jar;C:\Users\user\.m2\repository\com\google\guava\guava\31.1-jre\guava-31.1-jre.jar;C:\Users\user\.m2\repository\com\google\guava\failureaccess\1.0.1\failureaccess-1.0.1.jar;C:\Users\user\.m2\repository\com\google\guava\listenablefuture\9999.0-empty-to-avoid-conflict-with-guava\listenablefuture-9999.0-empty-to-avoid-conflict-with-guava.jar;C:\Users\user\.m2\repository\com\google\code\findbugs\jsr305\3.0.2\jsr305-3.0.2.jar;C:\Users\user\.m2\repository\org\checkerframework\checker-qual\3.12.0\checker-qual-3.12.0.jar;C:\Users\user\.m2\repository\com\google\errorprone\error_prone_annotations\2.11.0\error_prone_annotations-2.11.0.jar;C:\Users\user\.m2\repository\com\google\j2objc\j2objc-annotations\1.3\j2objc-annotations-1.3.jar;C:\Users\user\.m2\repository\org\seleniumhq\selenium\selenium-chromium-driver\4.7.2\selenium-chromium-driver-4.7.2.jar;C:\Users\user\.m2\repository\org\seleniumhq\selenium\selenium-firefox-driver\4.7.2\selenium-firefox-driver-4.7.2.jar;C:\Users\user\.m2\repository\org\seleniumhq\selenium\selenium-json\4.7.2\selenium-json-4.7.2.jar;C:\Users\user\.m2\repository\com\opencsv\opencsv\5.7.0\opencsv-5.7.0.jar;C:\Users\user\.m2\repository\org\apache\commons\commons-text\1.9\commons-text-1.9.jar;C:\Users\user\.m2\repository\commons-beanutils\commons-beanutils\1.9.4\commons-beanutils-1.9.4.jar;C:\Users\user\.m2\repository\commons-logging\commons-logging\1.2\commons-logging-1.2.jar;C:\Users\user\.m2\repository\commons-collections\commons-collections\3.2.2\commons-collections-3.2.2.jar;C:\Users\user\.m2\repository\org\apache\commons\commons-collections4\4.4\commons-collections4-4.4.jar;C:\Users\user\.m2\repository\com\github\javafaker\javafaker\1.0.2\javafaker-1.0.2.jar;C:\Users\user\.m2\repository\org\yaml\snakeyaml\1.23\snakeyaml-1.23-android.jar;C:\Users\user\.m2\repository\com\github\mifmif\generex\1.0.2\generex-1.0.2.jar;C:\Users\user\.m2\repository\dk\brics\automaton\automaton\1.11-8\automaton-1.11-8.jar;C:\Users\user\.m2\repository\org\apache\poi\poi-ooxml\5.2.3\poi-ooxml-5.2.3.jar;C:\Users\user\.m2\repository\org\apache\poi\poi\5.2.3\poi-5.2.3.jar;C:\Users\user\.m2\repository\commons-codec\commons-codec\1.15\commons-codec-1.15.jar;C:\Users\user\.m2\repository\org\apache\commons\commons-math3\3.6.1\commons-math3-3.6.1.jar;C:\Users\user\.m2\repository\com\zaxxer\SparseBitSet\1.2\SparseBitSet-1.2.jar;C:\Users\user\.m2\repository\org\apache\poi\poi-ooxml-lite\5.2.3\poi-ooxml-lite-5.2.3.jar;C:\Users\user\.m2\repository\org\apache\xmlbeans\xmlbeans\5.1.1\xmlbeans-5.1.1.jar;C:\Users\user\.m2\repository\commons-io\commons-io\2.11.0\commons-io-2.11.0.jar;C:\Users\user\.m2\repository\com\github\virtuald\curvesapi\1.07\curvesapi-1.07.jar;C:\Users\user\.m2\repository\org\apache\logging\log4j\log4j-api\2.18.0\log4j-api-2.18.0.jar;C:\Users\user\.m2\repository\javax\xml\bind\jaxb-api\2.3.1\jaxb-api-2.3.1.jar;C:\Users\user\.m2\repository\javax\activation\javax.activation-api\1.2.0\javax.activation-api-1.2.0.jar;C:\Users\user\.m2\repository\org\glassfish\jaxb\jaxb-runtime\2.3.1\jaxb-runtime-2.3.1.jar;C:\Users\user\.m2\repository\com\sun\istack\istack-commons-runtime\3.0.7\istack-commons-runtime-3.0.7.jar;C:\Users\user\.m2\repository\org\jvnet\staxex\stax-ex\1.8\stax-ex-1.8.jar;C:\Users\user\.m2\repository\com\sun\xml\fastinfoset\FastInfoset\1.2.15\FastInfoset-1.2.15.jar;C:\Users\user\.m2\repository\org\glassfish\jaxb\txw2\4.0.4\txw2-4.0.4.jar;C:\Users\user\.m2\repository\com\mysql\mysql-connector-j\8.0.33\mysql-connector-j-8.0.33.jar;C:\Users\user\.m2\repository\com\google\protobuf\protobuf-java\3.21.9\protobuf-java-3.21.9.jar;"/>
    <property name="sun.cpu.endian" value="little"/>
    <property name="user.home" value="C:\Users\user"/>
    <property name="user.language" value="en"/>
    <property name="java.specification.vendor" value="Oracle Corporation"/>
    <property name="java.version.date" value="2024-01-16"/>
    <property name="java.home" value="C:\Program Files\Java\jdk-17"/>
    <property name="file.separator" value="\"/>
    <property name="basedir" value="E:\Other\SIIT Automation\NewProjectST"/>
    <property name="java.vm.compressedOopsMode" value="Zero based"/>
    <property name="line.separator" value="&#10;"/>
    <property name="java.vm.specification.vendor" value="Oracle Corporation"/>
    <property name="java.specification.name" value="Java Platform API Specification"/>
    <property name="surefire.real.class.path" value="C:\Users\user\AppData\Local\Temp\surefire18354423535013563143\surefirebooter1984389634136835443.jar"/>
    <property name="user.script" value=""/>
    <property name="sun.management.compiler" value="HotSpot 64-Bit Tiered Compilers"/>
    <property name="java.runtime.version" value="17.0.10+11-LTS-240"/>
    <property name="user.name" value="user"/>
    <property name="path.separator" value=";"/>
    <property name="os.version" value="10.0"/>
    <property name="java.runtime.name" value="Java(TM) SE Runtime Environment"/>
    <property name="file.encoding" value="Cp1252"/>
    <property name="java.vm.name" value="Java HotSpot(TM) 64-Bit Server VM"/>
    <property name="localRepository" value="C:\Users\user\.m2\repository"/>
    <property name="java.vendor.url.bug" value="https://bugreport.java.com/bugreport/"/>
    <property name="java.io.tmpdir" value="C:\Users\user\AppData\Local\Temp\"/>
    <property name="java.version" value="17.0.10"/>
    <property name="user.dir" value="E:\Other\SIIT Automation\NewProjectST"/>
    <property name="os.arch" value="amd64"/>
    <property name="java.vm.specification.name" value="Java Virtual Machine Specification"/>
    <property name="sun.os.patch.level" value=""/>
    <property name="native.encoding" value="Cp1252"/>
    <property name="java.library.path" value="C:\Program Files\Java\jdk-17\bin;C:\Windows\Sun\Java\bin;C:\Windows\system32;C:\Windows;C:\Python312\Scripts\;C:\Python312\;&quot;C:\ChromeDriver;&quot;;C:\Python311\;C:\Windows\system32;C:\Windows;C:\Windows\System32\Wbem;C:\Windows\System32\WindowsPowerShell\v1.0\;C:\Windows\System32\OpenSSH\;C:\Program Files\Git\cmd;C:\ProgramData\chocolatey\bin;&quot;C:\bin;&quot;;C:\Program Files\Java\jdk-17\bin;C:\Program Files\apache-maven-3.9.5\bin;C:\bin\BrowserDrivers;C:\Program Files\dotnet\;C:\Program Files\Docker\Docker\resources\bin;C:\Program Files\nodejs\;C:\bin,C:\Python310\Scripts\;C:\Python310\;C:\Program Files\Common Files\Oracle\Java\javapath;C:\Program Files (x86)\Common Files\Oracle\Java\javapath;C:\Windows\system32;C:\Windows;C:\Windows\System32\Wbem;C:\Windows\System32\WindowsPowerShell\v1.0\;C:\Windows\System32\OpenSSH\;C:\Program Files\Git\cmd;C:\Program Files\Docker\Docker\resources\bin;C:\ProgramData\DockerDesktop\version-bin;C:\Program Files\nodejs\;C:\ProgramData\chocolatey\bin;C:\Users\user\AppData\Local\Microsoft\WindowsApps;C:\Users\user\AppData\Local\GitHubDesktop\bin;C:\Users\user\AppData\Local\Programs\Microsoft VS Code\bin;C:\Users\user\IdeaProjects\apache-maven-3.8.6;C:\Users\user\AppData\Roaming\npm;."/>
    <property name="java.vm.info" value="mixed mode, sharing"/>
    <property name="java.vendor" value="Oracle Corporation"/>
    <property name="java.vm.version" value="17.0.10+11-LTS-240"/>
    <property name="sun.io.unicode.encoding" value="UnicodeLittle"/>
    <property name="java.class.version" value="61.0"/>
  </properties>
  <testcase name="setupDriver" classname="tests.LoginTest" time="10.243">
    <failure message="Unable to establish websocket connection to http://localhost:59240/devtools/browser/3c834026-42c0-48a0-bc6e-351b10658e67&#10;Build info: version: &apos;4.5.0&apos;, revision: &apos;fe167b119a&apos;&#10;System info: os.name: &apos;Windows 10&apos;, os.arch: &apos;amd64&apos;, os.version: &apos;10.0&apos;, java.version: &apos;17.0.10&apos;&#10;Driver info: driver.version: EdgeDriver" type="org.openqa.selenium.remote.http.ConnectionFailedException">org.openqa.selenium.remote.http.ConnectionFailedException: 
Unable to establish websocket connection to http://localhost:59240/devtools/browser/3c834026-42c0-48a0-bc6e-351b10658e67
Build info: version: '4.5.0', revision: 'fe167b119a'
System info: os.name: 'Windows 10', os.arch: 'amd64', os.version: '10.0', java.version: '17.0.10'
Driver info: driver.version: EdgeDriver
</failure>
    <system-err><![CDATA[SLF4J: Failed to load class "org.slf4j.impl.StaticLoggerBinder".
SLF4J: Defaulting to no-operation (NOP) logger implementation
SLF4J: See http://www.slf4j.org/codes.html#StaticLoggerBinder for further details.
ERROR StatusLogger Log4j2 could not find a logging implementation. Please add log4j-core to the classpath. Using SimpleLogger to log to the console...
Starting Microsoft Edge WebDriver 123.0.2420.97 (ba5f45140663110c119b48e5add25da7c9e02bcc) on port 62927
To submit feedback, report a bug, or suggest new features, please visit https://github.com/MicrosoftEdge/EdgeWebDriver

Only local connections are allowed.
Please see https://aka.ms/WebDriverSecurity for suggestions on keeping Microsoft Edge WebDriver safe.

Microsoft Edge WebDriver was started successfully.
Apr 19, 2024 5:54:48 PM org.openqa.selenium.remote.ProtocolHandshake createSession
INFO: Detected upstream dialect: W3C
Apr 19, 2024 5:54:48 PM org.openqa.selenium.remote.http.WebSocket$Listener onError
WARNING: Invalid Status code=403 text=Forbidden
java.io.IOException: Invalid Status code=403 text=Forbidden
	at org.asynchttpclient.netty.handler.WebSocketHandler.abort(WebSocketHandler.java:92)
	at org.asynchttpclient.netty.handler.WebSocketHandler.handleRead(WebSocketHandler.java:118)
	at org.asynchttpclient.netty.handler.AsyncHttpClientHandler.channelRead(AsyncHttpClientHandler.java:78)
	at io.netty.channel.AbstractChannelHandlerContext.invokeChannelRead(AbstractChannelHandlerContext.java:379)
	at io.netty.channel.AbstractChannelHandlerContext.invokeChannelRead(AbstractChannelHandlerContext.java:365)
	at io.netty.channel.AbstractChannelHandlerContext.fireChannelRead(AbstractChannelHandlerContext.java:357)
	at io.netty.channel.CombinedChannelDuplexHandler$DelegatingChannelHandlerContext.fireChannelRead(CombinedChannelDuplexHandler.java:436)
	at io.netty.handler.codec.ByteToMessageDecoder.fireChannelRead(ByteToMessageDecoder.java:327)
	at io.netty.handler.codec.ByteToMessageDecoder.fireChannelRead(ByteToMessageDecoder.java:314)
	at io.netty.handler.codec.ByteToMessageDecoder.callDecode(ByteToMessageDecoder.java:435)
	at io.netty.handler.codec.ByteToMessageDecoder.channelRead(ByteToMessageDecoder.java:279)
	at io.netty.channel.CombinedChannelDuplexHandler.channelRead(CombinedChannelDuplexHandler.java:251)
	at io.netty.channel.AbstractChannelHandlerContext.invokeChannelRead(AbstractChannelHandlerContext.java:379)
	at io.netty.channel.AbstractChannelHandlerContext.invokeChannelRead(AbstractChannelHandlerContext.java:365)
	at io.netty.channel.AbstractChannelHandlerContext.fireChannelRead(AbstractChannelHandlerContext.java:357)
	at io.netty.channel.DefaultChannelPipeline$HeadContext.channelRead(DefaultChannelPipeline.java:1410)
	at io.netty.channel.AbstractChannelHandlerContext.invokeChannelRead(AbstractChannelHandlerContext.java:379)
	at io.netty.channel.AbstractChannelHandlerContext.invokeChannelRead(AbstractChannelHandlerContext.java:365)
	at io.netty.channel.DefaultChannelPipeline.fireChannelRead(DefaultChannelPipeline.java:919)
	at io.netty.channel.nio.AbstractNioByteChannel$NioByteUnsafe.read(AbstractNioByteChannel.java:166)
	at io.netty.channel.nio.NioEventLoop.processSelectedKey(NioEventLoop.java:722)
	at io.netty.channel.nio.NioEventLoop.processSelectedKeysOptimized(NioEventLoop.java:658)
	at io.netty.channel.nio.NioEventLoop.processSelectedKeys(NioEventLoop.java:584)
	at io.netty.channel.nio.NioEventLoop.run(NioEventLoop.java:496)
	at io.netty.util.concurrent.SingleThreadEventExecutor$4.run(SingleThreadEventExecutor.java:997)
	at io.netty.util.internal.ThreadExecutorMap$2.run(ThreadExecutorMap.java:74)
	at io.netty.util.concurrent.FastThreadLocalRunnable.run(FastThreadLocalRunnable.java:30)
	at java.base/java.lang.Thread.run(Thread.java:842)

]]></system-err>
  </testcase>
  <testcase name="setupDriver" classname="tests.LoginTest" time="6.948">
    <failure message="Unable to establish websocket connection to http://localhost:59273/devtools/browser/2c6a38d8-3031-4424-8c21-b7a2f2aa7714&#10;Build info: version: &apos;4.5.0&apos;, revision: &apos;fe167b119a&apos;&#10;System info: os.name: &apos;Windows 10&apos;, os.arch: &apos;amd64&apos;, os.version: &apos;10.0&apos;, java.version: &apos;17.0.10&apos;&#10;Driver info: driver.version: EdgeDriver" type="org.openqa.selenium.remote.http.ConnectionFailedException">org.openqa.selenium.remote.http.ConnectionFailedException: 
Unable to establish websocket connection to http://localhost:59273/devtools/browser/2c6a38d8-3031-4424-8c21-b7a2f2aa7714
Build info: version: '4.5.0', revision: 'fe167b119a'
System info: os.name: 'Windows 10', os.arch: 'amd64', os.version: '10.0', java.version: '17.0.10'
Driver info: driver.version: EdgeDriver
</failure>
    <system-err><![CDATA[Starting Microsoft Edge WebDriver 123.0.2420.97 (ba5f45140663110c119b48e5add25da7c9e02bcc) on port 54866
To submit feedback, report a bug, or suggest new features, please visit https://github.com/MicrosoftEdge/EdgeWebDriver

Only local connections are allowed.
Please see https://aka.ms/WebDriverSecurity for suggestions on keeping Microsoft Edge WebDriver safe.

Microsoft Edge WebDriver was started successfully.
Apr 19, 2024 5:54:55 PM org.openqa.selenium.remote.ProtocolHandshake createSession
INFO: Detected upstream dialect: W3C
Apr 19, 2024 5:54:55 PM org.openqa.selenium.remote.http.WebSocket$Listener onError
WARNING: Invalid Status code=403 text=Forbidden
java.io.IOException: Invalid Status code=403 text=Forbidden
	at org.asynchttpclient.netty.handler.WebSocketHandler.abort(WebSocketHandler.java:92)
	at org.asynchttpclient.netty.handler.WebSocketHandler.handleRead(WebSocketHandler.java:118)
	at org.asynchttpclient.netty.handler.AsyncHttpClientHandler.channelRead(AsyncHttpClientHandler.java:78)
	at io.netty.channel.AbstractChannelHandlerContext.invokeChannelRead(AbstractChannelHandlerContext.java:379)
	at io.netty.channel.AbstractChannelHandlerContext.invokeChannelRead(AbstractChannelHandlerContext.java:365)
	at io.netty.channel.AbstractChannelHandlerContext.fireChannelRead(AbstractChannelHandlerContext.java:357)
	at io.netty.channel.CombinedChannelDuplexHandler$DelegatingChannelHandlerContext.fireChannelRead(CombinedChannelDuplexHandler.java:436)
	at io.netty.handler.codec.ByteToMessageDecoder.fireChannelRead(ByteToMessageDecoder.java:327)
	at io.netty.handler.codec.ByteToMessageDecoder.fireChannelRead(ByteToMessageDecoder.java:314)
	at io.netty.handler.codec.ByteToMessageDecoder.callDecode(ByteToMessageDecoder.java:435)
	at io.netty.handler.codec.ByteToMessageDecoder.channelRead(ByteToMessageDecoder.java:279)
	at io.netty.channel.CombinedChannelDuplexHandler.channelRead(CombinedChannelDuplexHandler.java:251)
	at io.netty.channel.AbstractChannelHandlerContext.invokeChannelRead(AbstractChannelHandlerContext.java:379)
	at io.netty.channel.AbstractChannelHandlerContext.invokeChannelRead(AbstractChannelHandlerContext.java:365)
	at io.netty.channel.AbstractChannelHandlerContext.fireChannelRead(AbstractChannelHandlerContext.java:357)
	at io.netty.channel.DefaultChannelPipeline$HeadContext.channelRead(DefaultChannelPipeline.java:1410)
	at io.netty.channel.AbstractChannelHandlerContext.invokeChannelRead(AbstractChannelHandlerContext.java:379)
	at io.netty.channel.AbstractChannelHandlerContext.invokeChannelRead(AbstractChannelHandlerContext.java:365)
	at io.netty.channel.DefaultChannelPipeline.fireChannelRead(DefaultChannelPipeline.java:919)
	at io.netty.channel.nio.AbstractNioByteChannel$NioByteUnsafe.read(AbstractNioByteChannel.java:166)
	at io.netty.channel.nio.NioEventLoop.processSelectedKey(NioEventLoop.java:722)
	at io.netty.channel.nio.NioEventLoop.processSelectedKeysOptimized(NioEventLoop.java:658)
	at io.netty.channel.nio.NioEventLoop.processSelectedKeys(NioEventLoop.java:584)
	at io.netty.channel.nio.NioEventLoop.run(NioEventLoop.java:496)
	at io.netty.util.concurrent.SingleThreadEventExecutor$4.run(SingleThreadEventExecutor.java:997)
	at io.netty.util.internal.ThreadExecutorMap$2.run(ThreadExecutorMap.java:74)
	at io.netty.util.concurrent.FastThreadLocalRunnable.run(FastThreadLocalRunnable.java:30)
	at java.base/java.lang.Thread.run(Thread.java:842)

]]></system-err>
  </testcase>
  <testcase name="loginWithValidCredentialsTests" classname="tests.LoginTest" time="0">
    <skipped message="Unable to establish websocket connection to http://localhost:59240/devtools/browser/3c834026-42c0-48a0-bc6e-351b10658e67&#10;Build info: version: &apos;4.5.0&apos;, revision: &apos;fe167b119a&apos;&#10;System info: os.name: &apos;Windows 10&apos;, os.arch: &apos;amd64&apos;, os.version: &apos;10.0&apos;, java.version: &apos;17.0.10&apos;&#10;Driver info: driver.version: EdgeDriver"/>
  </testcase>
  <testcase name="loginWithValidCredentialsTests" classname="tests.LoginTest" time="0">
    <skipped message="Unable to establish websocket connection to http://localhost:59273/devtools/browser/2c6a38d8-3031-4424-8c21-b7a2f2aa7714&#10;Build info: version: &apos;4.5.0&apos;, revision: &apos;fe167b119a&apos;&#10;System info: os.name: &apos;Windows 10&apos;, os.arch: &apos;amd64&apos;, os.version: &apos;10.0&apos;, java.version: &apos;17.0.10&apos;&#10;Driver info: driver.version: EdgeDriver"/>
  </testcase>
  <testcase name="logout" classname="tests.LoginTest" time="0">
    <skipped/>
  </testcase>
  <testcase name="logout" classname="tests.LoginTest" time="0">
    <skipped/>
  </testcase>
  <testcase name="accessAccount" classname="tests.MyAccountTest" time="0">
    <skipped/>
  </testcase>
  <testcase name="addNewAddressTest" classname="tests.MyAccountTest" time="0">
    <skipped message="Unable to establish websocket connection to http://localhost:59240/devtools/browser/3c834026-42c0-48a0-bc6e-351b10658e67&#10;Build info: version: &apos;4.5.0&apos;, revision: &apos;fe167b119a&apos;&#10;System info: os.name: &apos;Windows 10&apos;, os.arch: &apos;amd64&apos;, os.version: &apos;10.0&apos;, java.version: &apos;17.0.10&apos;&#10;Driver info: driver.version: EdgeDriver"/>
  </testcase>
  <testcase name="logout" classname="tests.MyAccountTest" time="0">
    <skipped/>
  </testcase>
  <testcase name="registerUserTest" classname="tests.RegisterTest" time="0">
    <skipped message="Unable to establish websocket connection to http://localhost:59240/devtools/browser/3c834026-42c0-48a0-bc6e-351b10658e67&#10;Build info: version: &apos;4.5.0&apos;, revision: &apos;fe167b119a&apos;&#10;System info: os.name: &apos;Windows 10&apos;, os.arch: &apos;amd64&apos;, os.version: &apos;10.0&apos;, java.version: &apos;17.0.10&apos;&#10;Driver info: driver.version: EdgeDriver"/>
  </testcase>
  <testcase name="registerUserTest" classname="tests.RegisterTest" time="0">
    <skipped message="Unable to establish websocket connection to http://localhost:59273/devtools/browser/2c6a38d8-3031-4424-8c21-b7a2f2aa7714&#10;Build info: version: &apos;4.5.0&apos;, revision: &apos;fe167b119a&apos;&#10;System info: os.name: &apos;Windows 10&apos;, os.arch: &apos;amd64&apos;, os.version: &apos;10.0&apos;, java.version: &apos;17.0.10&apos;&#10;Driver info: driver.version: EdgeDriver"/>
  </testcase>
  <testcase name="logout" classname="tests.RegisterTest" time="0">
    <skipped/>
  </testcase>
  <testcase name="logout" classname="tests.RegisterTest" time="0">
    <skipped/>
  </testcase>
  <testcase name="accessAccount" classname="tests.WishlistTest" time="0">
    <skipped/>
  </testcase>
  <testcase name="accessAccount" classname="tests.WishlistTest" time="0">
    <skipped/>
  </testcase>
  <testcase name="addRandomProductToWishlistTest" classname="tests.WishlistTest" time="0">
    <skipped message="Unable to establish websocket connection to http://localhost:59240/devtools/browser/3c834026-42c0-48a0-bc6e-351b10658e67&#10;Build info: version: &apos;4.5.0&apos;, revision: &apos;fe167b119a&apos;&#10;System info: os.name: &apos;Windows 10&apos;, os.arch: &apos;amd64&apos;, os.version: &apos;10.0&apos;, java.version: &apos;17.0.10&apos;&#10;Driver info: driver.version: EdgeDriver"/>
  </testcase>
  <testcase name="addRandomProductToWishlistTest" classname="tests.WishlistTest" time="0">
    <skipped message="Unable to establish websocket connection to http://localhost:59273/devtools/browser/2c6a38d8-3031-4424-8c21-b7a2f2aa7714&#10;Build info: version: &apos;4.5.0&apos;, revision: &apos;fe167b119a&apos;&#10;System info: os.name: &apos;Windows 10&apos;, os.arch: &apos;amd64&apos;, os.version: &apos;10.0&apos;, java.version: &apos;17.0.10&apos;&#10;Driver info: driver.version: EdgeDriver"/>
  </testcase>
  <testcase name="logout" classname="tests.WishlistTest" time="0">
    <skipped/>
  </testcase>
  <testcase name="logout" classname="tests.WishlistTest" time="0">
    <skipped/>
  </testcase>
  <testcase name="verifyRequiredFieldMessageOnProductPageTest" classname="tests.ProductPageTest" time="0">
    <skipped message="Unable to establish websocket connection to http://localhost:59240/devtools/browser/3c834026-42c0-48a0-bc6e-351b10658e67&#10;Build info: version: &apos;4.5.0&apos;, revision: &apos;fe167b119a&apos;&#10;System info: os.name: &apos;Windows 10&apos;, os.arch: &apos;amd64&apos;, os.version: &apos;10.0&apos;, java.version: &apos;17.0.10&apos;&#10;Driver info: driver.version: EdgeDriver"/>
  </testcase>
  <testcase name="accessAccount" classname="tests.CartTest" time="0">
    <skipped/>
  </testcase>
  <testcase name="addProductFromWishListToCartTest" classname="tests.CartTest" time="0">
    <skipped message="Unable to establish websocket connection to http://localhost:59240/devtools/browser/3c834026-42c0-48a0-bc6e-351b10658e67&#10;Build info: version: &apos;4.5.0&apos;, revision: &apos;fe167b119a&apos;&#10;System info: os.name: &apos;Windows 10&apos;, os.arch: &apos;amd64&apos;, os.version: &apos;10.0&apos;, java.version: &apos;17.0.10&apos;&#10;Driver info: driver.version: EdgeDriver"/>
  </testcase>
  <testcase name="productAddedSuccesfullyToCartTest" classname="tests.CartTest" time="0">
    <skipped message="Unable to establish websocket connection to http://localhost:59240/devtools/browser/3c834026-42c0-48a0-bc6e-351b10658e67&#10;Build info: version: &apos;4.5.0&apos;, revision: &apos;fe167b119a&apos;&#10;System info: os.name: &apos;Windows 10&apos;, os.arch: &apos;amd64&apos;, os.version: &apos;10.0&apos;, java.version: &apos;17.0.10&apos;&#10;Driver info: driver.version: EdgeDriver"/>
  </testcase>
  <testcase name="closeBrowser" classname="tests.LoginTest" time="0">
    <skipped/>
  </testcase>
  <testcase name="closeBrowser" classname="tests.LoginTest" time="0">
    <skipped/>
  </testcase>
</testsuite>