<?xml version="1.0" encoding="UTF-8"?>
<!-- Generated by org.testng.reporters.JUnitReportReporter -->
<testsuite hostname="ifabian-win" failures="0" tests="2" name="tests.WishlistTest" time="0.000" errors="0" timestamp="2024-04-19T17:54:56 EEST" skipped="2">
  <testcase classname="tests.WishlistTest" name="addRandomProductToWishlistTest" time="0.000">
    <skipped/>
  </testcase> <!-- addRandomProductToWishlistTest -->
  <testcase classname="tests.WishlistTest" name="addRandomProductToWishlistTest" time="0.000">
    <skipped/>
  </testcase> <!-- addRandomProductToWishlistTest -->
</testsuite> <!-- tests.WishlistTest -->
