<?xml version="1.0" encoding="UTF-8"?>
<!-- Generated by org.testng.reporters.JUnitReportReporter -->
<testsuite hostname="ifabian-win" failures="0" tests="1" name="tests.NewAddressTest" time="14.163" errors="0" timestamp="2024-04-18T13:49:33 EEST" skipped="0">
  <testcase classname="tests.NewAddressTest" name="addNewAddressTest" time="14.163"/>
</testsuite> <!-- tests.NewAddressTest -->
