<?xml version="1.0" encoding="UTF-8"?>
<!-- Generated by org.testng.reporters.JUnitReportReporter -->
<testsuite hostname="ifabian-win" failures="0" tests="1" name="tests.LoginTest" time="0.001" errors="0" timestamp="2024-04-18T13:11:31 EEST" skipped="1">
  <testcase classname="tests.LoginTest" name="loginWithValidCredentialsTests" time="0.001">
    <skipped/>
  </testcase> <!-- loginWithValidCredentialsTests -->
</testsuite> <!-- tests.LoginTest -->
