<?xml version="1.0" encoding="UTF-8"?>
<!-- Generated by org.testng.reporters.JUnitReportReporter -->
<testsuite hostname="ifabian-win" failures="0" tests="1" name="tests.WishlistTest" time="0.003" errors="0" timestamp="2024-04-18T13:11:31 EEST" skipped="1">
  <testcase classname="tests.WishlistTest" name="addRandomProductToWishlistTest" time="0.003">
    <skipped/>
  </testcase> <!-- addRandomProductToWishlistTest -->
</testsuite> <!-- tests.WishlistTest -->
