<?xml version="1.0" encoding="UTF-8"?>
<!-- Generated by org.testng.reporters.JUnitReportReporter -->
<testsuite hostname="ifabian-win" failures="0" tests="2" name="tests.CalculateCartPricesTest" time="0.000" errors="0" timestamp="2024-04-18T13:11:31 EEST" skipped="2">
  <testcase classname="tests.CalculateCartPricesTest" name="cartPricingTest" time="0.000">
    <skipped/>
  </testcase> <!-- cartPricingTest -->
  <testcase classname="tests.CalculateCartPricesTest" name="productAddedSuccesfullyToCartTest" time="0.000">
    <skipped/>
  </testcase> <!-- productAddedSuccesfullyToCartTest -->
</testsuite> <!-- tests.CalculateCartPricesTest -->
